This is TeX, Version 3.14159 (Web2C 7.3) (format=latex 1999.4.5)  9 MAY 2000 08:00
**thesis
(thesis.tex
LaTeX2e <1998/12/01>
Babel <v3.6k> and hyphenation patterns for american, french, german, ngerman, n
ohyphenation, loaded.
(thesis.cls
Document Class: thesis 1999/01/01

--------------------------------------------------------------
--------------------------------------------------------------
 URL: http://cs.baylor.edu

(/usr/share/texmf/tex/latex/base/report.cls
Document Class: report 1999/01/07 v1.4a Standard LaTeX document class
(/usr/share/texmf/tex/latex/base/size12.clo
File: size12.clo 1999/01/07 v1.4a Standard LaTeX file (size option)
)
\c@part=\count79
\c@chapter=\count80
\c@section=\count81
\c@subsection=\count82
\c@subsubsection=\count83
\c@paragraph=\count84
\c@subparagraph=\count85
\c@figure=\count86
\c@table=\count87
\abovecaptionskip=\skip41
\belowcaptionskip=\skip42
\bibindent=\dimen102
)
(/usr/share/texmf/tex/latex/tools/indentfirst.sty
Package: indentfirst 1995/11/23 v1.03 Indent first paragraph (DPC)
)
(/usr/share/texmf/tex/latex/base/ifthen.sty
Package: ifthen 1999/01/07 v1.1a Standard LaTeX ifthen package (DPC)
)
\c@th@SecNum=\count88
\c@th@SectionSave=\count89
\th@SubSubSecSpc=\skip43
\c@th@storepage=\count90
)
(/usr/share/texmf/tex/latex/graphics/epsfig.sty
Package: epsfig 1999/02/16 v1.7a (e)psfig emulation (SPQR)

(/usr/share/texmf/tex/latex/graphics/graphicx.sty
Package: graphicx 1999/02/16 v1.0f Enhanced LaTeX Graphics (DPC,SPQR)

(/usr/share/texmf/tex/latex/graphics/keyval.sty
Package: keyval 1999/03/16 v1.13 key=value parser (DPC)
\KV@toks@=\toks14
)
(/usr/share/texmf/tex/latex/graphics/graphics.sty
Package: graphics 1999/02/16 v1.0l Standard LaTeX Graphics (DPC,SPQR)

(/usr/share/texmf/tex/latex/graphics/trig.sty
Package: trig 1999/03/16 v1.09 sin cos tan (DPC)
)
(/usr/share/texmf/tex/latex/config/graphics.cfg)
Package graphics Info: Driver file: dvips.def on input line 80.

(/usr/share/texmf/tex/latex/graphics/dvips.def
File: dvips.def 1999/02/16 v3.0i Driver-dependant file (DPC,SPQR)
))
\Gin@req@height=\dimen103
\Gin@req@width=\dimen104
)
\epsfxsize=\dimen105
\epsfysize=\dimen106
) (chicago.sty
Using Chicago Manual of Style bibliography: 31 August 1992
\bibhang=\skip44
\bibindent=\dimen107
)
Copyright page will be printed.
No LoT printed
(thesis.aux (ch1.aux) (ch2.aux) (ch3.aux) (ch4.aux) (ch5.aux))
\openout1 = `thesis.aux'.

LaTeX Font Info:    Checking defaults for OML/cmm/m/it on input line 44.
LaTeX Font Info:    ... okay on input line 44.
LaTeX Font Info:    Checking defaults for T1/cmr/m/n on input line 44.
LaTeX Font Info:    ... okay on input line 44.
LaTeX Font Info:    Checking defaults for OT1/cmr/m/n on input line 44.
LaTeX Font Info:    ... okay on input line 44.
LaTeX Font Info:    Checking defaults for OMS/cmsy/m/n on input line 44.
LaTeX Font Info:    ... okay on input line 44.
LaTeX Font Info:    Checking defaults for OMX/cmex/m/n on input line 44.
LaTeX Font Info:    ... okay on input line 44.
LaTeX Font Info:    Checking defaults for U/cmr/m/n on input line 44.
LaTeX Font Info:    ... okay on input line 44.
 [1


] [2] [3]
[1]
LaTeX Font Info:    Try loading font information for OMS+cmr on input line 44.
 (/usr/share/texmf/tex/latex/base/omscmr.fd
File: omscmr.fd 1998/03/27 v2.5g Standard LaTeX font definitions
)
LaTeX Font Info:    Font shape `OMS/cmr/m/n' in size <12> not available
(Font)              Font shape `OMS/cmsy/m/n' tried instead on input line 44.
 [2] (thesis.toc
LaTeX Font Info:    External font `cmex10' loaded for size
(Font)              <12> on input line 4.
LaTeX Font Info:    External font `cmex10' loaded for size
(Font)              <8> on input line 4.
LaTeX Font Info:    External font `cmex10' loaded for size
(Font)              <6> on input line 4.
)
\tf@toc=\write3
\openout3 = `thesis.toc'.

 [3

]
(thesis.lof)
\tf@lof=\write4
\openout4 = `thesis.lof'.

 [4

]
\openout2 = `ch1.aux'.

 (ch1.tex
**************************
 \th@ChapterStyle\th@DoChapCenterCHAPTER 1.
File: graduation.eps Graphic file (type eps)
<graduation.eps> [1



] [2]) [3]
\openout2 = `ch2.aux'.

 (ch2.tex
**************************
 \th@ChapterStyle\th@DoChapCenterCHAPTER 2.
) [4



]
\openout2 = `ch3.aux'.

 (ch3.tex
**************************
 \th@ChapterStyle\th@DoChapCenterCHAPTER 3.
) [5



]
\openout2 = `ch4.aux'.

 (ch4.tex
**************************
 \th@ChapterStyle\th@DoChapCenterCHAPTER 4.
) [6



]
\openout2 = `ch5.aux'.

 (ch5.tex
**************************
 \th@ChapterStyle\th@DoChapCenterCHAPTER 5.
) [7



] (thesis.bbl) [8

] (thesis.aux (ch1.aux) (ch2.aux) (ch3.aux) (ch4.aux)
(ch5.aux)) ) 
Here is how much of TeX's memory you used:
 875 strings out of 10898
 10123 string characters out of 72048
 59610 words of memory out of 263001
 3818 multiletter control sequences out of 10000+0
 8593 words of font info for 30 fonts, out of 200000 for 1000
 15 hyphenation exceptions out of 1000
 32i,5n,21p,693b,294s stack positions out of 300i,100n,500p,30000b,4000s

Output written on thesis.dvi (15 pages, 11008 bytes).
